0 info it worked if it ends with ok
1 verbose cli [ '/opt/node-v6.11.2-linux-x64/bin/node',
1 verbose cli   '/opt/node-v6.11.2-linux-x64/bin/npm',
1 verbose cli   'install',
1 verbose cli   '-S',
1 verbose cli   'mongoose' ]
2 info using npm@3.10.10
3 info using node@v6.11.2
4 silly loadCurrentTree Starting
5 silly install loadCurrentTree
6 silly install readLocalPackageData
7 silly fetchPackageMetaData mongoose
8 silly fetchNamedPackageData mongoose
9 silly mapToRegistry name mongoose
10 silly mapToRegistry using default registry
11 silly mapToRegistry registry http://registry.npmjs.org/
12 silly mapToRegistry data Result {
12 silly mapToRegistry   raw: 'mongoose',
12 silly mapToRegistry   scope: null,
12 silly mapToRegistry   escapedName: 'mongoose',
12 silly mapToRegistry   name: 'mongoose',
12 silly mapToRegistry   rawSpec: '',
12 silly mapToRegistry   spec: 'latest',
12 silly mapToRegistry   type: 'tag' }
13 silly mapToRegistry uri http://registry.npmjs.org/mongoose
14 verbose request uri http://registry.npmjs.org/mongoose
15 verbose request no auth needed
16 info attempt registry request try #1 at 11:52:55 PM
17 verbose request id d8459bef9daf5d74
18 http request GET http://registry.npmjs.org/mongoose
19 http 407 http://registry.npmjs.org/mongoose
20 verbose bad json <!DOCTYPE HTML PUBLIC "-//W3C//DTD HTML 4.01 Transitional//EN" "http://www.w3.org/TR/html4/loose.dtd">
20 verbose bad json <HTML><HEAD><META HTTP-EQUIV="Content-Type" CONTENT="text/html; charset=iso-8859-1">
20 verbose bad json <TITLE>ERROR: Cache Access Denied</TITLE>
20 verbose bad json <STYLE type="text/css"><!--BODY{background-color:#ffffff;font-family:verdana,sans-serif}PRE{font-family:sans-serif}--></STYLE>
20 verbose bad json </HEAD>
20 verbose bad json <BODY>
20 verbose bad json <H1>ERROR</H1>
20 verbose bad json <H2>Cache Access Denied</H2>
20 verbose bad json <HR noshade size="1px">
20 verbose bad json <P>
20 verbose bad json While trying to retrieve the URL:
20 verbose bad json <A HREF="http://registry.npmjs.org/mongoose">http://registry.npmjs.org/mongoose</A>
20 verbose bad json <P>
20 verbose bad json The following error was encountered:
20 verbose bad json <UL>
20 verbose bad json <LI>
20 verbose bad json <STRONG>
20 verbose bad json Cache Access Denied.
20 verbose bad json </STRONG>
20 verbose bad json </UL>
20 verbose bad json </P>
20 verbose bad json
20 verbose bad json <P>Sorry, you are not currently allowed to request:
20 verbose bad json <PRE>    http://registry.npmjs.org/mongoose</PRE>
20 verbose bad json from this cache until you have authenticated yourself.
20 verbose bad json </P>
20 verbose bad json
20 verbose bad json <P>
20 verbose bad json You need to use Netscape version 2.0 or greater, or Microsoft Internet
20 verbose bad json Explorer 3.0, or an HTTP/1.1 compliant browser for this to work.  Please
20 verbose bad json contact the <A HREF="mailto:ithelp@wits.ac.za">cache administrator</a> if you have
20 verbose bad json difficulties authenticating yourself or
20 verbose bad json <A HREF="http://proxyss.wits.ac.za/cgi-bin/chpasswd.cgi">change</a> your default password.
20 verbose bad json </P>
20 verbose bad json
20 verbose bad json <BR clear="all">
20 verbose bad json <HR noshade size="1px">
20 verbose bad json <ADDRESS>
20 verbose bad json Generated Tue, 19 Sep 2017 21:52:55 GMT by proxyss.wits.ac.za (squid/2.7.STABLE9)
20 verbose bad json </ADDRESS>
20 verbose bad json </BODY></HTML>
21 error registry error parsing json
22 verbose headers { server: 'squid/2.7.STABLE9',
22 verbose headers   date: 'Tue, 19 Sep 2017 21:52:55 GMT',
22 verbose headers   'content-type': 'text/html',
22 verbose headers   'content-length': '1356',
22 verbose headers   'x-squid-error': 'ERR_CACHE_ACCESS_DENIED 0',
22 verbose headers   'proxy-authenticate': 'NTLM, Basic realm="WITS Active Directory proxy-caching web server"',
22 verbose headers   'x-cache': 'MISS from proxyss.wits.ac.za',
22 verbose headers   via: '1.0 proxyss.wits.ac.za:80 (squid/2.7.STABLE9)',
22 verbose headers   connection: 'close' }
23 silly get cb [ 407,
23 silly get   { server: 'squid/2.7.STABLE9',
23 silly get     date: 'Tue, 19 Sep 2017 21:52:55 GMT',
23 silly get     'content-type': 'text/html',
23 silly get     'content-length': '1356',
23 silly get     'x-squid-error': 'ERR_CACHE_ACCESS_DENIED 0',
23 silly get     'proxy-authenticate': 'NTLM, Basic realm="WITS Active Directory proxy-caching web server"',
23 silly get     'x-cache': 'MISS from proxyss.wits.ac.za',
23 silly get     via: '1.0 proxyss.wits.ac.za:80 (squid/2.7.STABLE9)',
23 silly get     connection: 'close' } ]
24 silly fetchPackageMetaData SyntaxError: Unexpected token < in JSON at position 0
24 silly fetchPackageMetaData <!DOCTYPE HTML PUBLIC "-//W3C//DTD HTML 4.01 Transitional//EN" "http://www.w3.org/TR/html4/loose.dtd">
24 silly fetchPackageMetaData <HTML><HEAD><META HTTP-EQUIV="Content-Type" CONTENT="text/html; charset=iso-8859-1">
24 silly fetchPackageMetaData <TITLE>ERROR: Cache Access Denied</TITLE>
24 silly fetchPackageMetaData <STYLE type="text/css"><!--BODY{background-color:#ffffff;font-family:verdana,sans-serif}PRE{font-family:sans-serif}--></STYLE>
24 silly fetchPackageMetaData </HEAD>
24 silly fetchPackageMetaData <BODY>
24 silly fetchPackageMetaData <H1>ERROR</H1>
24 silly fetchPackageMetaData <H2>Cache Access Denied</H2>
24 silly fetchPackageMetaData <HR noshade size="1px">
24 silly fetchPackageMetaData <P>
24 silly fetchPackageMetaData While trying to retrieve the URL:
24 silly fetchPackageMetaData <A HREF="http://registry.npmjs.org/mongoose">http://registry.npmjs.org/mongoose</A>
24 silly fetchPackageMetaData <P>
24 silly fetchPackageMetaData The following error was encountered:
24 silly fetchPackageMetaData <UL>
24 silly fetchPackageMetaData <LI>
24 silly fetchPackageMetaData <STRONG>
24 silly fetchPackageMetaData Cache Access Denied.
24 silly fetchPackageMetaData </STRONG>
24 silly fetchPackageMetaData </UL>
24 silly fetchPackageMetaData </P>
24 silly fetchPackageMetaData
24 silly fetchPackageMetaData <P>Sorry, you are not currently allowed to request:
24 silly fetchPackageMetaData <PRE>    http://registry.npmjs.org/mongoose</PRE>
24 silly fetchPackageMetaData from this cache until you have authenticated yourself.
24 silly fetchPackageMetaData </P>
24 silly fetchPackageMetaData
24 silly fetchPackageMetaData <P>
24 silly fetchPackageMetaData You need to use Netscape version 2.0 or greater, or Microsoft Internet
24 silly fetchPackageMetaData Explorer 3.0, or an HTTP/1.1 compliant browser for this to work.  Please
24 silly fetchPackageMetaData contact the <A HREF="mailto:ithelp@wits.ac.za">cache administrator</a> if you have
24 silly fetchPackageMetaData difficulties authenticating yourself or
24 silly fetchPackageMetaData <A HREF="http://proxyss.wits.ac.za/cgi-bin/chpasswd.cgi">change</a> your default password.
24 silly fetchPackageMetaData </P>
24 silly fetchPackageMetaData
24 silly fetchPackageMetaData <BR clear="all">
24 silly fetchPackageMetaData <HR noshade size="1px">
24 silly fetchPackageMetaData <ADDRESS>
24 silly fetchPackageMetaData Generated Tue, 19 Sep 2017 21:52:55 GMT by proxyss.wits.ac.za (squid/2.7.STABLE9)
24 silly fetchPackageMetaData </ADDRESS>
24 silly fetchPackageMetaData </BODY></HTML>
24 silly fetchPackageMetaData
24 silly fetchPackageMetaData     at Object.parse (native)
24 silly fetchPackageMetaData     at CachingRegistryClient.<anonymous> (/opt/node-v6.11.2-linux-x64/lib/node_modules/npm/node_modules/npm-registry-client/lib/request.js:237:23)
24 silly fetchPackageMetaData     at Request._callback (/opt/node-v6.11.2-linux-x64/lib/node_modules/npm/node_modules/npm-registry-client/lib/request.js:210:14)
24 silly fetchPackageMetaData     at Request.self.callback (/opt/node-v6.11.2-linux-x64/lib/node_modules/npm/node_modules/request/request.js:187:22)
24 silly fetchPackageMetaData     at emitTwo (events.js:106:13)
24 silly fetchPackageMetaData     at Request.emit (events.js:191:7)
24 silly fetchPackageMetaData     at Request.<anonymous> (/opt/node-v6.11.2-linux-x64/lib/node_modules/npm/node_modules/request/request.js:1048:10)
24 silly fetchPackageMetaData     at emitOne (events.js:96:13)
24 silly fetchPackageMetaData     at Request.emit (events.js:188:7)
24 silly fetchPackageMetaData     at IncomingMessage.<anonymous> (/opt/node-v6.11.2-linux-x64/lib/node_modules/npm/node_modules/request/request.js:969:12)
24 silly fetchPackageMetaData  error for mongoose SyntaxError: Unexpected token < in JSON at position 0
24 silly fetchPackageMetaData <!DOCTYPE HTML PUBLIC "-//W3C//DTD HTML 4.01 Transitional//EN" "http://www.w3.org/TR/html4/loose.dtd">
24 silly fetchPackageMetaData <HTML><HEAD><META HTTP-EQUIV="Content-Type" CONTENT="text/html; charset=iso-8859-1">
24 silly fetchPackageMetaData <TITLE>ERROR: Cache Access Denied</TITLE>
24 silly fetchPackageMetaData <STYLE type="text/css"><!--BODY{background-color:#ffffff;font-family:verdana,sans-serif}PRE{font-family:sans-serif}--></STYLE>
24 silly fetchPackageMetaData </HEAD>
24 silly fetchPackageMetaData <BODY>
24 silly fetchPackageMetaData <H1>ERROR</H1>
24 silly fetchPackageMetaData <H2>Cache Access Denied</H2>
24 silly fetchPackageMetaData <HR noshade size="1px">
24 silly fetchPackageMetaData <P>
24 silly fetchPackageMetaData While trying to retrieve the URL:
24 silly fetchPackageMetaData <A HREF="http://registry.npmjs.org/mongoose">http://registry.npmjs.org/mongoose</A>
24 silly fetchPackageMetaData <P>
24 silly fetchPackageMetaData The following error was encountered:
24 silly fetchPackageMetaData <UL>
24 silly fetchPackageMetaData <LI>
24 silly fetchPackageMetaData <STRONG>
24 silly fetchPackageMetaData Cache Access Denied.
24 silly fetchPackageMetaData </STRONG>
24 silly fetchPackageMetaData </UL>
24 silly fetchPackageMetaData </P>
24 silly fetchPackageMetaData
24 silly fetchPackageMetaData <P>Sorry, you are not currently allowed to request:
24 silly fetchPackageMetaData <PRE>    http://registry.npmjs.org/mongoose</PRE>
24 silly fetchPackageMetaData from this cache until you have authenticated yourself.
24 silly fetchPackageMetaData </P>
24 silly fetchPackageMetaData
24 silly fetchPackageMetaData <P>
24 silly fetchPackageMetaData You need to use Netscape version 2.0 or greater, or Microsoft Internet
24 silly fetchPackageMetaData Explorer 3.0, or an HTTP/1.1 compliant browser for this to work.  Please
24 silly fetchPackageMetaData contact the <A HREF="mailto:ithelp@wits.ac.za">cache administrator</a> if you have
24 silly fetchPackageMetaData difficulties authenticating yourself or
24 silly fetchPackageMetaData <A HREF="http://proxyss.wits.ac.za/cgi-bin/chpasswd.cgi">change</a> your default password.
24 silly fetchPackageMetaData </P>
24 silly fetchPackageMetaData
24 silly fetchPackageMetaData <BR clear="all">
24 silly fetchPackageMetaData <HR noshade size="1px">
24 silly fetchPackageMetaData <ADDRESS>
24 silly fetchPackageMetaData Generated Tue, 19 Sep 2017 21:52:55 GMT by proxyss.wits.ac.za (squid/2.7.STABLE9)
24 silly fetchPackageMetaData </ADDRESS>
24 silly fetchPackageMetaData </BODY></HTML>
24 silly fetchPackageMetaData
24 silly fetchPackageMetaData     at Object.parse (native)
24 silly fetchPackageMetaData     at CachingRegistryClient.<anonymous> (/opt/node-v6.11.2-linux-x64/lib/node_modules/npm/node_modules/npm-registry-client/lib/request.js:237:23)
24 silly fetchPackageMetaData     at Request._callback (/opt/node-v6.11.2-linux-x64/lib/node_modules/npm/node_modules/npm-registry-client/lib/request.js:210:14)
24 silly fetchPackageMetaData     at Request.self.callback (/opt/node-v6.11.2-linux-x64/lib/node_modules/npm/node_modules/request/request.js:187:22)
24 silly fetchPackageMetaData     at emitTwo (events.js:106:13)
24 silly fetchPackageMetaData     at Request.emit (events.js:191:7)
24 silly fetchPackageMetaData     at Request.<anonymous> (/opt/node-v6.11.2-linux-x64/lib/node_modules/npm/node_modules/request/request.js:1048:10)
24 silly fetchPackageMetaData     at emitOne (events.js:96:13)
24 silly fetchPackageMetaData     at Request.emit (events.js:188:7)
24 silly fetchPackageMetaData     at IncomingMessage.<anonymous> (/opt/node-v6.11.2-linux-x64/lib/node_modules/npm/node_modules/request/request.js:969:12)
25 silly rollbackFailedOptional Starting
26 silly rollbackFailedOptional Finishing
27 silly runTopLevelLifecycles Finishing
28 silly install printInstalled
29 verbose stack SyntaxError: Unexpected token < in JSON at position 0
29 verbose stack <!DOCTYPE HTML PUBLIC "-//W3C//DTD HTML 4.01 Transitional//EN" "http://www.w3.org/TR/html4/loose.dtd">
29 verbose stack <HTML><HEAD><META HTTP-EQUIV="Content-Type" CONTENT="text/html; charset=iso-8859-1">
29 verbose stack <TITLE>ERROR: Cache Access Denied</TITLE>
29 verbose stack <STYLE type="text/css"><!--BODY{background-color:#ffffff;font-family:verdana,sans-serif}PRE{font-family:sans-serif}--></STYLE>
29 verbose stack </HEAD>
29 verbose stack <BODY>
29 verbose stack <H1>ERROR</H1>
29 verbose stack <H2>Cache Access Denied</H2>
29 verbose stack <HR noshade size="1px">
29 verbose stack <P>
29 verbose stack While trying to retrieve the URL:
29 verbose stack <A HREF="http://registry.npmjs.org/mongoose">http://registry.npmjs.org/mongoose</A>
29 verbose stack <P>
29 verbose stack The following error was encountered:
29 verbose stack <UL>
29 verbose stack <LI>
29 verbose stack <STRONG>
29 verbose stack Cache Access Denied.
29 verbose stack </STRONG>
29 verbose stack </UL>
29 verbose stack </P>
29 verbose stack
29 verbose stack <P>Sorry, you are not currently allowed to request:
29 verbose stack <PRE>    http://registry.npmjs.org/mongoose</PRE>
29 verbose stack from this cache until you have authenticated yourself.
29 verbose stack </P>
29 verbose stack
29 verbose stack <P>
29 verbose stack You need to use Netscape version 2.0 or greater, or Microsoft Internet
29 verbose stack Explorer 3.0, or an HTTP/1.1 compliant browser for this to work.  Please
29 verbose stack contact the <A HREF="mailto:ithelp@wits.ac.za">cache administrator</a> if you have
29 verbose stack difficulties authenticating yourself or
29 verbose stack <A HREF="http://proxyss.wits.ac.za/cgi-bin/chpasswd.cgi">change</a> your default password.
29 verbose stack </P>
29 verbose stack
29 verbose stack <BR clear="all">
29 verbose stack <HR noshade size="1px">
29 verbose stack <ADDRESS>
29 verbose stack Generated Tue, 19 Sep 2017 21:52:55 GMT by proxyss.wits.ac.za (squid/2.7.STABLE9)
29 verbose stack </ADDRESS>
29 verbose stack </BODY></HTML>
29 verbose stack
29 verbose stack     at Object.parse (native)
29 verbose stack     at CachingRegistryClient.<anonymous> (/opt/node-v6.11.2-linux-x64/lib/node_modules/npm/node_modules/npm-registry-client/lib/request.js:237:23)
29 verbose stack     at Request._callback (/opt/node-v6.11.2-linux-x64/lib/node_modules/npm/node_modules/npm-registry-client/lib/request.js:210:14)
29 verbose stack     at Request.self.callback (/opt/node-v6.11.2-linux-x64/lib/node_modules/npm/node_modules/request/request.js:187:22)
29 verbose stack     at emitTwo (events.js:106:13)
29 verbose stack     at Request.emit (events.js:191:7)
29 verbose stack     at Request.<anonymous> (/opt/node-v6.11.2-linux-x64/lib/node_modules/npm/node_modules/request/request.js:1048:10)
29 verbose stack     at emitOne (events.js:96:13)
29 verbose stack     at Request.emit (events.js:188:7)
29 verbose stack     at IncomingMessage.<anonymous> (/opt/node-v6.11.2-linux-x64/lib/node_modules/npm/node_modules/request/request.js:969:12)
30 verbose cwd /home/seal/Desktop/dev/NodeJS/Learning-NodeJS/3.MongoDB
31 error Linux 4.4.0-93-generic
32 error argv "/opt/node-v6.11.2-linux-x64/bin/node" "/opt/node-v6.11.2-linux-x64/bin/npm" "install" "-S" "mongoose"
33 error node v6.11.2
34 error npm  v3.10.10
35 error Unexpected token < in JSON at position 0
35 error <!DOCTYPE HTML PUBLIC "-//W3C//DTD HTML 4.01 Transitional//EN" "http://www.w3.org/TR/html4/loose.dtd">
35 error <HTML><HEAD><META HTTP-EQUIV="Content-Type" CONTENT="text/html; charset=iso-8859-1">
35 error <TITLE>ERROR: Cache Access Denied</TITLE>
35 error <STYLE type="text/css"><!--BODY{background-color:#ffffff;font-family:verdana,sans-serif}PRE{font-family:sans-serif}--></STYLE>
35 error </HEAD>
35 error <BODY>
35 error <H1>ERROR</H1>
35 error <H2>Cache Access Denied</H2>
35 error <HR noshade size="1px">
35 error <P>
35 error While trying to retrieve the URL:
35 error <A HREF="http://registry.npmjs.org/mongoose">http://registry.npmjs.org/mongoose</A>
35 error <P>
35 error The following error was encountered:
35 error <UL>
35 error <LI>
35 error <STRONG>
35 error Cache Access Denied.
35 error </STRONG>
35 error </UL>
35 error </P>
35 error
35 error <P>Sorry, you are not currently allowed to request:
35 error <PRE>    http://registry.npmjs.org/mongoose</PRE>
35 error from this cache until you have authenticated yourself.
35 error </P>
35 error
35 error <P>
35 error You need to use Netscape version 2.0 or greater, or Microsoft Internet
35 error Explorer 3.0, or an HTTP/1.1 compliant browser for this to work.  Please
35 error contact the <A HREF="mailto:ithelp@wits.ac.za">cache administrator</a> if you have
35 error difficulties authenticating yourself or
35 error <A HREF="http://proxyss.wits.ac.za/cgi-bin/chpasswd.cgi">change</a> your default password.
35 error </P>
35 error
35 error <BR clear="all">
35 error <HR noshade size="1px">
35 error <ADDRESS>
35 error Generated Tue, 19 Sep 2017 21:52:55 GMT by proxyss.wits.ac.za (squid/2.7.STABLE9)
35 error </ADDRESS>
35 error </BODY></HTML>
36 error If you need help, you may report this error at:
36 error     <https://github.com/npm/npm/issues>
37 verbose exit [ 1, true ]
